  head.c
D:\程序\12306\12306\head.c(229,20): warning C4098: “choose_a_date”:“void”函数返回值
D:\程序\12306\12306\head.c(394,52): warning C4047: “函数”:“char *”与“char (*)[18]”的间接级别不同
D:\程序\12306\12306\head.c(394,52): warning C4024: “get_passenger”: 形参和实参 1 的类型不同
D:\程序\12306\12306\head.c(394,60): warning C4047: “函数”:“char *”与“char (*)[19]”的间接级别不同
D:\程序\12306\12306\head.c(394,60): warning C4024: “get_passenger”: 形参和实参 2 的类型不同
D:\程序\12306\12306\head.c(394,67): warning C4133: “函数”: 从“list_pssenger *”到“list_passenger *”的类型不兼容
D:\程序\12306\12306\head.c(452,21): warning C4098: “choose_leave_station”:“void”函数返回值
D:\程序\12306\12306\head.c(462,21): warning C4098: “choose_leave_station”:“void”函数返回值
D:\程序\12306\12306\head.c(487,21): warning C4098: “choose_arrive_station”:“void”函数返回值
  passenger.c
D:\程序\12306\12306\passenger.c(98,20): warning C4047: “函数”:“char *”与“char *[3]”的间接级别不同
D:\程序\12306\12306\passenger.c(98,20): warning C4024: “map_seat”: 形参和实参 1 的类型不同
D:\程序\12306\12306\passenger.c(108,9): warning C4477: “printf”: 格式字符串“%s”需要类型“char *”的参数，但可变参数 1 拥有了类型“char **”
D:\程序\12306\12306\passenger.c(114,20): warning C4047: “函数”:“char *”与“char *[3]”的间接级别不同
D:\程序\12306\12306\passenger.c(114,20): warning C4024: “map_seat”: 形参和实参 1 的类型不同
D:\程序\12306\12306\passenger.c(123,9): warning C4477: “printf”: 格式字符串“%s”需要类型“char *”的参数，但可变参数 1 拥有了类型“char **”
D:\程序\12306\12306\passenger.c(128,39): warning C4013: “malloc”未定义；假设外部返回 int
D:\程序\12306\12306\passenger.c(135,6): warning C4013: “free”未定义；假设外部返回 int
  train.c
D:\程序\12306\12306\train.c(66,39): warning C4013: “malloc”未定义；假设外部返回 int
D:\程序\12306\12306\train.c(81,6): warning C4013: “free”未定义；假设外部返回 int
D:\程序\12306\12306\train.c(332,19): warning C4133: “=”: 从“ticket_chosen *”到“info_ticket *”的类型不兼容
  火车售票系统.c
D:\程序\12306\12306\火车售票系统.c(70,35): warning C4047: “函数”:“char *”与“char (*)[18]”的间接级别不同
D:\程序\12306\12306\火车售票系统.c(70,35): warning C4024: “read_passenger_name”: 形参和实参 1 的类型不同
D:\程序\12306\12306\火车售票系统.c(72,31): warning C4047: “函数”:“char *”与“char (*)[19]”的间接级别不同
D:\程序\12306\12306\火车售票系统.c(72,31): warning C4024: “read_passenger_ID”: 形参和实参 1 的类型不同
D:\程序\12306\12306\火车售票系统.c(84,66): warning C4133: “函数”: 从“list_passenger *”到“list_pssenger *”的类型不兼容
D:\程序\12306\12306\火车售票系统.c(93,52): warning C4047: “函数”:“char *”与“char (*)[18]”的间接级别不同
D:\程序\12306\12306\火车售票系统.c(93,52): warning C4024: “get_passenger”: 形参和实参 1 的类型不同
D:\程序\12306\12306\火车售票系统.c(93,60): warning C4047: “函数”:“char *”与“char (*)[19]”的间接级别不同
D:\程序\12306\12306\火车售票系统.c(93,60): warning C4024: “get_passenger”: 形参和实参 2 的类型不同
D:\程序\12306\12306\火车售票系统.c(101,54): warning C4047: “函数”:“char *”与“char (*)[18]”的间接级别不同
D:\程序\12306\12306\火车售票系统.c(101,54): warning C4024: “new_passenger”: 形参和实参 1 的类型不同
D:\程序\12306\12306\火车售票系统.c(101,62): warning C4047: “函数”:“char *”与“char (*)[19]”的间接级别不同
D:\程序\12306\12306\火车售票系统.c(101,62): warning C4024: “new_passenger”: 形参和实参 2 的类型不同
D:\程序\12306\12306\火车售票系统.c(103,53): warning C4047: “函数”:“char *”与“char (*)[18]”的间接级别不同
D:\程序\12306\12306\火车售票系统.c(103,53): warning C4024: “new_passenger”: 形参和实参 1 的类型不同
D:\程序\12306\12306\火车售票系统.c(103,61): warning C4047: “函数”:“char *”与“char (*)[19]”的间接级别不同
D:\程序\12306\12306\火车售票系统.c(103,61): warning C4024: “new_passenger”: 形参和实参 2 的类型不同
D:\程序\12306\12306\火车售票系统.c(65,6): warning C4101: “choice”: 未引用的局部变量
D:\程序\12306\12306\火车售票系统.c(141,25): warning C4098: “change_tickets”:“void”函数返回值
D:\程序\12306\12306\火车售票系统.c(154,57): warning C4047: “函数”:“char (*)[18]”与“char [18]”的间接级别不同
D:\程序\12306\12306\火车售票系统.c(154,57): warning C4024: “choose_a_train”: 形参和实参 5 的类型不同
D:\程序\12306\12306\火车售票系统.c(154,60): warning C4047: “函数”:“char (*)[19]”与“char [19]”的间接级别不同
D:\程序\12306\12306\火车售票系统.c(154,60): warning C4024: “choose_a_train”: 形参和实参 6 的类型不同
D:\程序\12306\12306\火车售票系统.c(154,66): warning C4133: “函数”: 从“list_passenger *”到“list_pssenger *”的类型不兼容
D:\程序\12306\12306\火车售票系统.c(178,6): warning C4013: “free”未定义；假设外部返回 int
  正在生成代码...
  12306.vcxproj -> D:\程序\12306\Debug\12306.exe
